2018-12-12 16:27:56,923 INFO  HttpPostCustom:56 -{"user_info": "{'user_id': 187978979, 'info': {'TEL': ''}}", "sys_output": "\u8bf7\u95ee\u60a8\u7684\u6574\u673a\u6761\u7801\u662f\u591a\u5c11\uff1f"}
2018-12-12 16:29:15,932 INFO  HttpPostCustom:56 -{"user_info": "{'user_id': 187978979, 'info': {'TEL': ''}}", "sys_output": "\u8bf7\u63d0\u4f9b\u60a8\u7684\u7ef4\u4fee\u5355\u53f7?"}
2018-12-12 16:29:53,073 INFO  HttpPostCustom:56 -{"user_info": "{'user_id': 187978979, 'info': {'TEL': ''}}", "sys_output": "\u8bf7\u95ee\u60a8\u7684\u7ef4\u4fee\u5355\u53f7\u662f\u591a\u5c11\uff1f"}
2018-12-12 16:30:37,762 INFO  HttpPostCustom:56 -{"user_info": "{'user_id': 183, 'info': {'TEL': ''}}", "sys_output": "??????,\u8bf7\u786e\u8ba4\u662f\u5426\u4e3a\u5feb\u9012\u5355\u53f7\uff1f"}
2018-12-12 16:31:04,775 INFO  HttpPostCustom:56 -{"user_info": "{'user_id': 183, 'info': {'TEL': ''}}", "sys_output": "\u60a8\u597d\uff0c\u8bf7\u95ee\u7ef4\u4fee\u5355\u53f7\u662f\u591a\u5c11\uff1f"}
2018-12-12 16:33:47,108 INFO  HttpPostCustom:56 -{"user_info": "{'user_id': 183, 'info': {'TEL': ''}}", "sys_output": "\u8bf7\u63d0\u4f9b\u60a8\u7684\u7ef4\u4fee\u5355\u53f7?"}
2018-12-12 16:36:43,559 INFO  HttpPostCustom:56 -{"user_info": "{'user_id': 183, 'info': {'TEL': ''}}", "sys_output": "\u60a8\u597d\uff0c\u8bf7\u60a8\u63d0\u4f9b\u4e00\u4e0b\u6574\u673a\u6761\u7801"}
2018-12-20 09:29:15,605 INFO  Application:50 -Starting Application on DESKTOP-8DFBP3I with PID 104960 (C:\Users\wangxiwei\Desktop\nbcallbackSserver\target\classes started by wangxiwei in C:\Users\wangxiwei\Desktop\nbcallbackSserver)
2018-12-20 09:29:15,627 INFO  Application:659 -No active profile set, falling back to default profiles: default
2018-12-20 09:29:15,725 INFO  AnnotationConfigServletWebServerApplicationContext:590 -Refreshing org.springframework.boot.web.servlet.context.AnnotationConfigServletWebServerApplicationContext@6aaceffd: startup date [Thu Dec 20 09:29:15 CST 2018]; root of context hierarchy
2018-12-20 09:29:18,180 INFO  TomcatWebServer:91 -Tomcat initialized with port(s): 8080 (http)
2018-12-20 09:29:18,201 INFO  Http11NioProtocol:180 -Initializing ProtocolHandler ["http-nio-8080"]
2018-12-20 09:29:18,215 INFO  StandardService:180 -Starting service [Tomcat]
2018-12-20 09:29:18,215 INFO  StandardEngine:180 -Starting Servlet Engine: Apache Tomcat/8.5.31
2018-12-20 09:29:18,228 INFO  AprLifecycleListener:180 -The APR based Apache Tomcat Native library which allows optimal performance in production environments was not found on the java.library.path: [D:\developSoftware\Java\jdk1.8.0_131\bin;C:\Windows\Sun\Java\bin;C:\Windows\system32;C:\Windows;C:\ProgramData\Oracle\Java\javapath;C:\Program Files (x86)\Intel\iCLS Client\;C:\Program Files\Intel\iCLS Client\;C:\Windows\system32;C:\Windows;C:\Windows\System32\Wbem;C:\Windows\System32\WindowsPowerShell\v1.0\;C:\Program Files (x86)\NVIDIA Corporation\PhysX\Common;C:\Program Files (x86)\Intel\Intel(R) Management Engine Components\DAL;C:\Program Files\Intel\Intel(R) Management Engine Components\DAL;C:\Program Files (x86)\Intel\Intel(R) Management Engine Components\IPT;C:\Program Files\Intel\Intel(R) Management Engine Components\IPT;D:\developSoftware\Java\jdk1.8.0_131\bin;D:\developSoftware\apache-maven-3.3.9-bin\apache-maven-3.3.9\bin;D:\developSoftware\RabbitMQ Server\rabbitmq_server-3.3.4\sbin;C:\Program Files\TortoiseSVN\bin;C:\Program Files\nodejs\;D:\mongo\mongodb-win32-x86_64-2008plus-ssl-3.4.6\bin;C:\Program Files\MySQL\MySQL Server 5.7\bin;C:\Program Files\PuTTY\;C:\strawberry\c\bin;C:\strawberry\perl\bin;D:\Git\cmd;D:\Redis-x64-3.2.100;C:\Users\wangxiwei\AppData\Local\Programs\Python\Python37;C:\Users\wangxiwei\AppData\Local\Microsoft\WindowsApps;C:\Users\wangxiwei\AppData\Local\GitHubDesktop\bin;C:\Users\wangxiwei\AppData\Roaming\npm;.]
2018-12-20 09:29:18,479 INFO  [/]:180 -Initializing Spring embedded WebApplicationContext
2018-12-20 09:29:18,479 INFO  ContextLoader:285 -Root WebApplicationContext: initialization completed in 2770 ms
2018-12-20 09:29:18,807 INFO  ServletRegistrationBean:186 -Servlet dispatcherServlet mapped to [/]
2018-12-20 09:29:18,814 INFO  FilterRegistrationBean:245 -Mapping filter: 'characterEncodingFilter' to: [/*]
2018-12-20 09:29:18,814 INFO  FilterRegistrationBean:245 -Mapping filter: 'hiddenHttpMethodFilter' to: [/*]
2018-12-20 09:29:18,814 INFO  FilterRegistrationBean:245 -Mapping filter: 'httpPutFormContentFilter' to: [/*]
2018-12-20 09:29:18,815 INFO  FilterRegistrationBean:245 -Mapping filter: 'requestContextFilter' to: [/*]
2018-12-20 09:29:19,463 INFO  SimpleUrlHandlerMapping:373 -Mapped URL path [/**/favicon.ico] onto handler of type [class org.springframework.web.servlet.resource.ResourceHttpRequestHandler]
2018-12-20 09:29:19,762 INFO  RequestMappingHandlerAdapter:574 -Looking for @ControllerAdvice: org.springframework.boot.web.servlet.context.AnnotationConfigServletWebServerApplicationContext@6aaceffd: startup date [Thu Dec 20 09:29:15 CST 2018]; root of context hierarchy
2018-12-20 09:29:19,849 INFO  RequestMappingHandlerMapping:547 -Mapped "{[/NBIoT/smartLock]}" onto public net.sf.json.JSONObject com.routon.plsy.GreetingController.NBIoTFaceInfoUpload(javax.servlet.http.HttpServletRequest)
2018-12-20 09:29:19,851 INFO  RequestMappingHandlerMapping:547 -Mapped "{[/greeting]}" onto public com.routon.plsy.Greeting com.routon.plsy.GreetingController.greeting(java.lang.String)
2018-12-20 09:29:19,851 INFO  RequestMappingHandlerMapping:547 -Mapped "{[/NBIoT/callback]}" onto public java.lang.String com.routon.plsy.GreetingController.NBIoTCallback(javax.servlet.http.HttpServletRequest)
2018-12-20 09:29:19,852 INFO  RequestMappingHandlerMapping:547 -Mapped "{[/nbiot/lock]}" onto public java.lang.String com.routon.plsy.NbCommandController.lock(java.lang.String,java.lang.String) throws java.lang.Exception
2018-12-20 09:29:19,853 INFO  RequestMappingHandlerMapping:547 -Mapped "{[/nbiot/synTime]}" onto public java.lang.String com.routon.plsy.NbCommandController.synTime(java.lang.String) throws java.lang.Exception
2018-12-20 09:29:19,853 INFO  RequestMappingHandlerMapping:547 -Mapped "{[/nbiot/openAndClose]}" onto public java.lang.String com.routon.plsy.NbCommandController.openAndClose(int,java.lang.String,java.lang.String,java.lang.String) throws java.lang.Exception
2018-12-20 09:29:19,854 INFO  RequestMappingHandlerMapping:547 -Mapped "{[/nbiot/clearRecord]}" onto public java.lang.String com.routon.plsy.NbCommandController.clearRecord(java.lang.String) throws java.lang.Exception
2018-12-20 09:29:19,854 INFO  RequestMappingHandlerMapping:547 -Mapped "{[/nbiot/login]}" onto public java.lang.String com.routon.plsy.NbCommandController.reqToken(java.lang.String,java.lang.String)
2018-12-20 09:29:19,855 INFO  RequestMappingHandlerMapping:547 -Mapped "{[/nbiot/delWhiteNames]}" onto public java.lang.String com.routon.plsy.NbCommandController.delWhiteNames(java.lang.String,java.lang.String,java.lang.String) throws java.lang.Exception
2018-12-20 09:29:19,855 INFO  RequestMappingHandlerMapping:547 -Mapped "{[/nbiot/sendWhiteNames]}" onto public java.lang.String com.routon.plsy.NbCommandController.sendWhiteNames(java.lang.String,int,java.lang.String,java.lang.String,java.lang.String,java.lang.String) throws java.lang.Exception
2018-12-20 09:29:19,859 INFO  RequestMappingHandlerMapping:547 -Mapped "{[/error]}" onto public org.springframework.http.ResponseEntity<java.util.Map<java.lang.String, java.lang.Object>> org.springframework.boot.autoconfigure.web.servlet.error.BasicErrorController.error(javax.servlet.http.HttpServletRequest)
2018-12-20 09:29:19,860 INFO  RequestMappingHandlerMapping:547 -Mapped "{[/error],produces=[text/html]}" onto public org.springframework.web.servlet.ModelAndView org.springframework.boot.autoconfigure.web.servlet.error.BasicErrorController.errorHtml(javax.servlet.http.HttpServletRequest,javax.servlet.http.HttpServletResponse)
2018-12-20 09:29:19,891 INFO  SimpleUrlHandlerMapping:373 -Mapped URL path [/webjars/**] onto handler of type [class org.springframework.web.servlet.resource.ResourceHttpRequestHandler]
2018-12-20 09:29:19,891 INFO  SimpleUrlHandlerMapping:373 -Mapped URL path [/**] onto handler of type [class org.springframework.web.servlet.resource.ResourceHttpRequestHandler]
2018-12-20 09:29:20,328 INFO  ServerEndpointExporter:153 -Registering @ServerEndpoint class: class com.routon.plsy.websocket.NBServerEndpoint
2018-12-20 09:29:20,344 INFO  AnnotationMBeanExporter:433 -Registering beans for JMX exposure on startup
2018-12-20 09:29:20,346 INFO  AnnotationMBeanExporter:895 -Bean with name 'dataSource' has been autodetected for JMX exposure
2018-12-20 09:29:20,351 INFO  AnnotationMBeanExporter:668 -Located MBean 'dataSource': registering with JMX server as MBean [com.zaxxer.hikari:name=dataSource,type=HikariDataSource]
2018-12-20 09:29:20,374 INFO  Http11NioProtocol:180 -Starting ProtocolHandler ["http-nio-8080"]
2018-12-20 09:29:20,385 INFO  NioSelectorPool:180 -Using a shared selector for servlet write/read
2018-12-20 09:29:20,438 INFO  TomcatWebServer:206 -Tomcat started on port(s): 8080 (http) with context path ''
2018-12-20 09:29:20,442 INFO  Application:59 -Started Application in 5.533 seconds (JVM running for 7.056)
2018-12-20 09:29:20,444 INFO  MessageSubsribeServlet:17 -开始订阅消息......
2018-12-20 09:29:43,245 INFO  [/]:180 -Initializing Spring FrameworkServlet 'dispatcherServlet'
2018-12-20 09:29:43,245 INFO  DispatcherServlet:494 -FrameworkServlet 'dispatcherServlet': initialization started
2018-12-20 09:29:43,287 INFO  DispatcherServlet:509 -FrameworkServlet 'dispatcherServlet': initialization completed in 41 ms
2018-12-20 09:30:22,533 INFO  Application:50 -Starting Application on DESKTOP-8DFBP3I with PID 103488 (C:\Users\wangxiwei\Desktop\nbcallbackSserver\target\classes started by wangxiwei in C:\Users\wangxiwei\Desktop\nbcallbackSserver)
2018-12-20 09:30:22,538 INFO  Application:659 -No active profile set, falling back to default profiles: default
2018-12-20 09:30:22,590 INFO  AnnotationConfigServletWebServerApplicationContext:590 -Refreshing org.springframework.boot.web.servlet.context.AnnotationConfigServletWebServerApplicationContext@38102d01: startup date [Thu Dec 20 09:30:22 CST 2018]; root of context hierarchy
2018-12-20 09:30:24,235 INFO  TomcatWebServer:91 -Tomcat initialized with port(s): 8080 (http)
2018-12-20 09:30:24,253 INFO  Http11NioProtocol:180 -Initializing ProtocolHandler ["http-nio-8080"]
2018-12-20 09:30:24,267 INFO  StandardService:180 -Starting service [Tomcat]
2018-12-20 09:30:24,268 INFO  StandardEngine:180 -Starting Servlet Engine: Apache Tomcat/8.5.31
2018-12-20 09:30:24,281 INFO  AprLifecycleListener:180 -The APR based Apache Tomcat Native library which allows optimal performance in production environments was not found on the java.library.path: [D:\developSoftware\Java\jdk1.8.0_131\bin;C:\Windows\Sun\Java\bin;C:\Windows\system32;C:\Windows;C:\ProgramData\Oracle\Java\javapath;C:\Program Files (x86)\Intel\iCLS Client\;C:\Program Files\Intel\iCLS Client\;C:\Windows\system32;C:\Windows;C:\Windows\System32\Wbem;C:\Windows\System32\WindowsPowerShell\v1.0\;C:\Program Files (x86)\NVIDIA Corporation\PhysX\Common;C:\Program Files (x86)\Intel\Intel(R) Management Engine Components\DAL;C:\Program Files\Intel\Intel(R) Management Engine Components\DAL;C:\Program Files (x86)\Intel\Intel(R) Management Engine Components\IPT;C:\Program Files\Intel\Intel(R) Management Engine Components\IPT;D:\developSoftware\Java\jdk1.8.0_131\bin;D:\developSoftware\apache-maven-3.3.9-bin\apache-maven-3.3.9\bin;D:\developSoftware\RabbitMQ Server\rabbitmq_server-3.3.4\sbin;C:\Program Files\TortoiseSVN\bin;C:\Program Files\nodejs\;D:\mongo\mongodb-win32-x86_64-2008plus-ssl-3.4.6\bin;C:\Program Files\MySQL\MySQL Server 5.7\bin;C:\Program Files\PuTTY\;C:\strawberry\c\bin;C:\strawberry\perl\bin;D:\Git\cmd;D:\Redis-x64-3.2.100;C:\Users\wangxiwei\AppData\Local\Programs\Python\Python37;C:\Users\wangxiwei\AppData\Local\Microsoft\WindowsApps;C:\Users\wangxiwei\AppData\Local\GitHubDesktop\bin;C:\Users\wangxiwei\AppData\Roaming\npm;.]
2018-12-20 09:30:24,487 INFO  [/]:180 -Initializing Spring embedded WebApplicationContext
2018-12-20 09:30:24,488 INFO  ContextLoader:285 -Root WebApplicationContext: initialization completed in 1899 ms
2018-12-20 09:30:24,681 INFO  ServletRegistrationBean:186 -Servlet dispatcherServlet mapped to [/]
2018-12-20 09:30:24,687 INFO  FilterRegistrationBean:245 -Mapping filter: 'characterEncodingFilter' to: [/*]
2018-12-20 09:30:24,687 INFO  FilterRegistrationBean:245 -Mapping filter: 'hiddenHttpMethodFilter' to: [/*]
2018-12-20 09:30:24,687 INFO  FilterRegistrationBean:245 -Mapping filter: 'httpPutFormContentFilter' to: [/*]
2018-12-20 09:30:24,687 INFO  FilterRegistrationBean:245 -Mapping filter: 'requestContextFilter' to: [/*]
2018-12-20 09:30:25,237 INFO  SimpleUrlHandlerMapping:373 -Mapped URL path [/**/favicon.ico] onto handler of type [class org.springframework.web.servlet.resource.ResourceHttpRequestHandler]
2018-12-20 09:30:25,489 INFO  RequestMappingHandlerAdapter:574 -Looking for @ControllerAdvice: org.springframework.boot.web.servlet.context.AnnotationConfigServletWebServerApplicationContext@38102d01: startup date [Thu Dec 20 09:30:22 CST 2018]; root of context hierarchy
2018-12-20 09:30:25,581 INFO  RequestMappingHandlerMapping:547 -Mapped "{[/NBIoT/smartLock]}" onto public net.sf.json.JSONObject com.routon.plsy.GreetingController.NBIoTFaceInfoUpload(javax.servlet.http.HttpServletRequest)
2018-12-20 09:30:25,582 INFO  RequestMappingHandlerMapping:547 -Mapped "{[/greeting]}" onto public com.routon.plsy.Greeting com.routon.plsy.GreetingController.greeting(java.lang.String)
2018-12-20 09:30:25,582 INFO  RequestMappingHandlerMapping:547 -Mapped "{[/NBIoT/callback]}" onto public java.lang.String com.routon.plsy.GreetingController.NBIoTCallback(javax.servlet.http.HttpServletRequest)
2018-12-20 09:30:25,584 INFO  RequestMappingHandlerMapping:547 -Mapped "{[/nbiot/lock]}" onto public java.lang.String com.routon.plsy.NbCommandController.lock(java.lang.String,java.lang.String) throws java.lang.Exception
2018-12-20 09:30:25,584 INFO  RequestMappingHandlerMapping:547 -Mapped "{[/nbiot/synTime]}" onto public java.lang.String com.routon.plsy.NbCommandController.synTime(java.lang.String) throws java.lang.Exception
2018-12-20 09:30:25,584 INFO  RequestMappingHandlerMapping:547 -Mapped "{[/nbiot/clearRecord]}" onto public java.lang.String com.routon.plsy.NbCommandController.clearRecord(java.lang.String) throws java.lang.Exception
2018-12-20 09:30:25,585 INFO  RequestMappingHandlerMapping:547 -Mapped "{[/nbiot/login]}" onto public java.lang.String com.routon.plsy.NbCommandController.reqToken(java.lang.String,java.lang.String)
2018-12-20 09:30:25,585 INFO  RequestMappingHandlerMapping:547 -Mapped "{[/nbiot/sendWhiteNames]}" onto public java.lang.String com.routon.plsy.NbCommandController.sendWhiteNames(java.lang.String,int,java.lang.String,java.lang.String,java.lang.String,java.lang.String) throws java.lang.Exception
2018-12-20 09:30:25,585 INFO  RequestMappingHandlerMapping:547 -Mapped "{[/nbiot/delWhiteNames]}" onto public java.lang.String com.routon.plsy.NbCommandController.delWhiteNames(java.lang.String,java.lang.String,java.lang.String) throws java.lang.Exception
2018-12-20 09:30:25,586 INFO  RequestMappingHandlerMapping:547 -Mapped "{[/nbiot/openAndClose]}" onto public java.lang.String com.routon.plsy.NbCommandController.openAndClose(int,java.lang.String,java.lang.String,java.lang.String) throws java.lang.Exception
2018-12-20 09:30:25,590 INFO  RequestMappingHandlerMapping:547 -Mapped "{[/error]}" onto public org.springframework.http.ResponseEntity<java.util.Map<java.lang.String, java.lang.Object>> org.springframework.boot.autoconfigure.web.servlet.error.BasicErrorController.error(javax.servlet.http.HttpServletRequest)
2018-12-20 09:30:25,591 INFO  RequestMappingHandlerMapping:547 -Mapped "{[/error],produces=[text/html]}" onto public org.springframework.web.servlet.ModelAndView org.springframework.boot.autoconfigure.web.servlet.error.BasicErrorController.errorHtml(javax.servlet.http.HttpServletRequest,javax.servlet.http.HttpServletResponse)
2018-12-20 09:30:25,624 INFO  SimpleUrlHandlerMapping:373 -Mapped URL path [/webjars/**] onto handler of type [class org.springframework.web.servlet.resource.ResourceHttpRequestHandler]
2018-12-20 09:30:25,624 INFO  SimpleUrlHandlerMapping:373 -Mapped URL path [/**] onto handler of type [class org.springframework.web.servlet.resource.ResourceHttpRequestHandler]
2018-12-20 09:30:25,967 INFO  ServerEndpointExporter:153 -Registering @ServerEndpoint class: class com.routon.plsy.websocket.NBServerEndpoint
2018-12-20 09:30:25,987 INFO  AnnotationMBeanExporter:433 -Registering beans for JMX exposure on startup
2018-12-20 09:30:25,989 INFO  AnnotationMBeanExporter:895 -Bean with name 'dataSource' has been autodetected for JMX exposure
2018-12-20 09:30:25,995 INFO  AnnotationMBeanExporter:668 -Located MBean 'dataSource': registering with JMX server as MBean [com.zaxxer.hikari:name=dataSource,type=HikariDataSource]
2018-12-20 09:30:26,006 INFO  Http11NioProtocol:180 -Starting ProtocolHandler ["http-nio-8080"]
2018-12-20 09:30:26,018 INFO  NioSelectorPool:180 -Using a shared selector for servlet write/read
2018-12-20 09:30:26,042 INFO  TomcatWebServer:206 -Tomcat started on port(s): 8080 (http) with context path ''
2018-12-20 09:30:26,047 INFO  Application:59 -Started Application in 3.865 seconds (JVM running for 4.908)
2018-12-20 09:30:26,049 INFO  MessageSubsribeServlet:17 -开始订阅消息......
2018-12-20 09:30:39,482 INFO  [/]:180 -Initializing Spring FrameworkServlet 'dispatcherServlet'
2018-12-20 09:30:39,483 INFO  DispatcherServlet:494 -FrameworkServlet 'dispatcherServlet': initialization started
2018-12-20 09:30:39,513 INFO  DispatcherServlet:509 -FrameworkServlet 'dispatcherServlet': initialization completed in 30 ms
2018-12-20 09:30:39,607 ERROR [dispatcherServlet]:182 -Servlet.service() for servlet [dispatcherServlet] in context with path [] threw exception [Request processing failed; nested exception is java.lang.NumberFormatException: null] with root cause
java.lang.NumberFormatException: null
	at java.lang.Long.parseLong(Long.java:552) ~[?:1.8.0_131]
	at java.lang.Long.valueOf(Long.java:803) ~[?:1.8.0_131]
	at com.routon.plsy.service.NbCommandService.sendWhiteNames(NbCommandService.java:29) ~[classes/:?]
	at com.routon.plsy.NbCommandController.sendWhiteNames(NbCommandController.java:47) ~[classes/:?]
	at sun.reflect.NativeMethodAccessorImpl.invoke0(Native Method) ~[?:1.8.0_131]
	at sun.reflect.NativeMethodAccessorImpl.invoke(NativeMethodAccessorImpl.java:62) ~[?:1.8.0_131]
	at sun.reflect.DelegatingMethodAccessorImpl.invoke(DelegatingMethodAccessorImpl.java:43) ~[?:1.8.0_131]
	at java.lang.reflect.Method.invoke(Method.java:498) ~[?:1.8.0_131]
	at org.springframework.web.method.support.InvocableHandlerMethod.doInvoke(InvocableHandlerMethod.java:209) ~[spring-web-5.0.7.RELEASE.jar:5.0.7.RELEASE]
	at org.springframework.web.method.support.InvocableHandlerMethod.invokeForRequest(InvocableHandlerMethod.java:136) ~[spring-web-5.0.7.RELEASE.jar:5.0.7.RELEASE]
	at org.springframework.web.servlet.mvc.method.annotation.ServletInvocableHandlerMethod.invokeAndHandle(ServletInvocableHandlerMethod.java:102) ~[spring-webmvc-5.0.7.RELEASE.jar:5.0.7.RELEASE]
	at org.springframework.web.servlet.mvc.method.annotation.RequestMappingHandlerAdapter.invokeHandlerMethod(RequestMappingHandlerAdapter.java:877) ~[spring-webmvc-5.0.7.RELEASE.jar:5.0.7.RELEASE]
	at org.springframework.web.servlet.mvc.method.annotation.RequestMappingHandlerAdapter.handleInternal(RequestMappingHandlerAdapter.java:783) ~[spring-webmvc-5.0.7.RELEASE.jar:5.0.7.RELEASE]
	at org.springframework.web.servlet.mvc.method.AbstractHandlerMethodAdapter.handle(AbstractHandlerMethodAdapter.java:87) ~[spring-webmvc-5.0.7.RELEASE.jar:5.0.7.RELEASE]
	at org.springframework.web.servlet.DispatcherServlet.doDispatch(DispatcherServlet.java:991) ~[spring-webmvc-5.0.7.RELEASE.jar:5.0.7.RELEASE]
	at org.springframework.web.servlet.DispatcherServlet.doService(DispatcherServlet.java:925) ~[spring-webmvc-5.0.7.RELEASE.jar:5.0.7.RELEASE]
	at org.springframework.web.servlet.FrameworkServlet.processRequest(FrameworkServlet.java:974) ~[spring-webmvc-5.0.7.RELEASE.jar:5.0.7.RELEASE]
	at org.springframework.web.servlet.FrameworkServlet.doPost(FrameworkServlet.java:877) ~[spring-webmvc-5.0.7.RELEASE.jar:5.0.7.RELEASE]
	at javax.servlet.http.HttpServlet.service(HttpServlet.java:661) ~[tomcat-embed-core-8.5.31.jar:8.5.31]
	at org.springframework.web.servlet.FrameworkServlet.service(FrameworkServlet.java:851) ~[spring-webmvc-5.0.7.RELEASE.jar:5.0.7.RELEASE]
	at javax.servlet.http.HttpServlet.service(HttpServlet.java:742) ~[tomcat-embed-core-8.5.31.jar:8.5.31]
	at org.apache.catalina.core.ApplicationFilterChain.internalDoFilter(ApplicationFilterChain.java:231) ~[tomcat-embed-core-8.5.31.jar:8.5.31]
	at org.apache.catalina.core.ApplicationFilterChain.doFilter(ApplicationFilterChain.java:166) ~[tomcat-embed-core-8.5.31.jar:8.5.31]
	at org.apache.tomcat.websocket.server.WsFilter.doFilter(WsFilter.java:52) ~[tomcat-embed-websocket-8.5.31.jar:8.5.31]
	at org.apache.catalina.core.ApplicationFilterChain.internalDoFilter(ApplicationFilterChain.java:193) ~[tomcat-embed-core-8.5.31.jar:8.5.31]
	at org.apache.catalina.core.ApplicationFilterChain.doFilter(ApplicationFilterChain.java:166) ~[tomcat-embed-core-8.5.31.jar:8.5.31]
	at org.springframework.web.filter.RequestContextFilter.doFilterInternal(RequestContextFilter.java:99) ~[spring-web-5.0.7.RELEASE.jar:5.0.7.RELEASE]
	at org.springframework.web.filter.OncePerRequestFilter.doFilter(OncePerRequestFilter.java:107) ~[spring-web-5.0.7.RELEASE.jar:5.0.7.RELEASE]
	at org.apache.catalina.core.ApplicationFilterChain.internalDoFilter(ApplicationFilterChain.java:193) ~[tomcat-embed-core-8.5.31.jar:8.5.31]
	at org.apache.catalina.core.ApplicationFilterChain.doFilter(ApplicationFilterChain.java:166) ~[tomcat-embed-core-8.5.31.jar:8.5.31]
	at org.springframework.web.filter.HttpPutFormContentFilter.doFilterInternal(HttpPutFormContentFilter.java:109) ~[spring-web-5.0.7.RELEASE.jar:5.0.7.RELEASE]
	at org.springframework.web.filter.OncePerRequestFilter.doFilter(OncePerRequestFilter.java:107) ~[spring-web-5.0.7.RELEASE.jar:5.0.7.RELEASE]
	at org.apache.catalina.core.ApplicationFilterChain.internalDoFilter(ApplicationFilterChain.java:193) ~[tomcat-embed-core-8.5.31.jar:8.5.31]
	at org.apache.catalina.core.ApplicationFilterChain.doFilter(ApplicationFilterChain.java:166) ~[tomcat-embed-core-8.5.31.jar:8.5.31]
	at org.springframework.web.filter.HiddenHttpMethodFilter.doFilterInternal(HiddenHttpMethodFilter.java:93) ~[spring-web-5.0.7.RELEASE.jar:5.0.7.RELEASE]
	at org.springframework.web.filter.OncePerRequestFilter.doFilter(OncePerRequestFilter.java:107) ~[spring-web-5.0.7.RELEASE.jar:5.0.7.RELEASE]
	at org.apache.catalina.core.ApplicationFilterChain.internalDoFilter(ApplicationFilterChain.java:193) ~[tomcat-embed-core-8.5.31.jar:8.5.31]
	at org.apache.catalina.core.ApplicationFilterChain.doFilter(ApplicationFilterChain.java:166) ~[tomcat-embed-core-8.5.31.jar:8.5.31]
	at org.springframework.web.filter.CharacterEncodingFilter.doFilterInternal(CharacterEncodingFilter.java:200) ~[spring-web-5.0.7.RELEASE.jar:5.0.7.RELEASE]
	at org.springframework.web.filter.OncePerRequestFilter.doFilter(OncePerRequestFilter.java:107) ~[spring-web-5.0.7.RELEASE.jar:5.0.7.RELEASE]
	at org.apache.catalina.core.ApplicationFilterChain.internalDoFilter(ApplicationFilterChain.java:193) ~[tomcat-embed-core-8.5.31.jar:8.5.31]
	at org.apache.catalina.core.ApplicationFilterChain.doFilter(ApplicationFilterChain.java:166) ~[tomcat-embed-core-8.5.31.jar:8.5.31]
	at org.apache.catalina.core.StandardWrapperValve.invoke(StandardWrapperValve.java:198) [tomcat-embed-core-8.5.31.jar:8.5.31]
	at org.apache.catalina.core.StandardContextValve.invoke(StandardContextValve.java:96) [tomcat-embed-core-8.5.31.jar:8.5.31]
	at org.apache.catalina.authenticator.AuthenticatorBase.invoke(AuthenticatorBase.java:496) [tomcat-embed-core-8.5.31.jar:8.5.31]
	at org.apache.catalina.core.StandardHostValve.invoke(StandardHostValve.java:140) [tomcat-embed-core-8.5.31.jar:8.5.31]
	at org.apache.catalina.valves.ErrorReportValve.invoke(ErrorReportValve.java:81) [tomcat-embed-core-8.5.31.jar:8.5.31]
	at org.apache.catalina.core.StandardEngineValve.invoke(StandardEngineValve.java:87) [tomcat-embed-core-8.5.31.jar:8.5.31]
	at org.apache.catalina.connector.CoyoteAdapter.service(CoyoteAdapter.java:342) [tomcat-embed-core-8.5.31.jar:8.5.31]
	at org.apache.coyote.http11.Http11Processor.service(Http11Processor.java:803) [tomcat-embed-core-8.5.31.jar:8.5.31]
	at org.apache.coyote.AbstractProcessorLight.process(AbstractProcessorLight.java:66) [tomcat-embed-core-8.5.31.jar:8.5.31]
	at org.apache.coyote.AbstractProtocol$ConnectionHandler.process(AbstractProtocol.java:790) [tomcat-embed-core-8.5.31.jar:8.5.31]
	at org.apache.tomcat.util.net.NioEndpoint$SocketProcessor.doRun(NioEndpoint.java:1468) [tomcat-embed-core-8.5.31.jar:8.5.31]
	at org.apache.tomcat.util.net.SocketProcessorBase.run(SocketProcessorBase.java:49) [tomcat-embed-core-8.5.31.jar:8.5.31]
	at java.util.concurrent.ThreadPoolExecutor.runWorker(ThreadPoolExecutor.java:1142) [?:1.8.0_131]
	at java.util.concurrent.ThreadPoolExecutor$Worker.run(ThreadPoolExecutor.java:617) [?:1.8.0_131]
	at org.apache.tomcat.util.threads.TaskThread$WrappingRunnable.run(TaskThread.java:61) [tomcat-embed-core-8.5.31.jar:8.5.31]
	at java.lang.Thread.run(Thread.java:748) [?:1.8.0_131]
2018-12-20 09:38:36,342 INFO  Application:50 -Starting Application on DESKTOP-8DFBP3I with PID 105144 (C:\Users\wangxiwei\Desktop\nbcallbackSserver\target\classes started by wangxiwei in C:\Users\wangxiwei\Desktop\nbcallbackSserver)
2018-12-20 09:38:36,350 INFO  Application:659 -No active profile set, falling back to default profiles: default
2018-12-20 09:38:36,445 INFO  AnnotationConfigServletWebServerApplicationContext:590 -Refreshing org.springframework.boot.web.servlet.context.AnnotationConfigServletWebServerApplicationContext@1dac5ef: startup date [Thu Dec 20 09:38:36 CST 2018]; root of context hierarchy
2018-12-20 09:38:37,997 INFO  TomcatWebServer:91 -Tomcat initialized with port(s): 8080 (http)
2018-12-20 09:38:38,014 INFO  Http11NioProtocol:180 -Initializing ProtocolHandler ["http-nio-8080"]
2018-12-20 09:38:38,029 INFO  StandardService:180 -Starting service [Tomcat]
2018-12-20 09:38:38,029 INFO  StandardEngine:180 -Starting Servlet Engine: Apache Tomcat/8.5.31
2018-12-20 09:38:38,042 INFO  AprLifecycleListener:180 -The APR based Apache Tomcat Native library which allows optimal performance in production environments was not found on the java.library.path: [D:\developSoftware\Java\jdk1.8.0_131\bin;C:\Windows\Sun\Java\bin;C:\Windows\system32;C:\Windows;C:\ProgramData\Oracle\Java\javapath;C:\Program Files (x86)\Intel\iCLS Client\;C:\Program Files\Intel\iCLS Client\;C:\Windows\system32;C:\Windows;C:\Windows\System32\Wbem;C:\Windows\System32\WindowsPowerShell\v1.0\;C:\Program Files (x86)\NVIDIA Corporation\PhysX\Common;C:\Program Files (x86)\Intel\Intel(R) Management Engine Components\DAL;C:\Program Files\Intel\Intel(R) Management Engine Components\DAL;C:\Program Files (x86)\Intel\Intel(R) Management Engine Components\IPT;C:\Program Files\Intel\Intel(R) Management Engine Components\IPT;D:\developSoftware\Java\jdk1.8.0_131\bin;D:\developSoftware\apache-maven-3.3.9-bin\apache-maven-3.3.9\bin;D:\developSoftware\RabbitMQ Server\rabbitmq_server-3.3.4\sbin;C:\Program Files\TortoiseSVN\bin;C:\Program Files\nodejs\;D:\mongo\mongodb-win32-x86_64-2008plus-ssl-3.4.6\bin;C:\Program Files\MySQL\MySQL Server 5.7\bin;C:\Program Files\PuTTY\;C:\strawberry\c\bin;C:\strawberry\perl\bin;D:\Git\cmd;D:\Redis-x64-3.2.100;C:\Users\wangxiwei\AppData\Local\Programs\Python\Python37;C:\Users\wangxiwei\AppData\Local\Microsoft\WindowsApps;C:\Users\wangxiwei\AppData\Local\GitHubDesktop\bin;C:\Users\wangxiwei\AppData\Roaming\npm;.]
2018-12-20 09:38:38,231 INFO  [/]:180 -Initializing Spring embedded WebApplicationContext
2018-12-20 09:38:38,231 INFO  ContextLoader:285 -Root WebApplicationContext: initialization completed in 1788 ms
2018-12-20 09:38:38,416 INFO  ServletRegistrationBean:186 -Servlet dispatcherServlet mapped to [/]
2018-12-20 09:38:38,423 INFO  FilterRegistrationBean:245 -Mapping filter: 'characterEncodingFilter' to: [/*]
2018-12-20 09:38:38,423 INFO  FilterRegistrationBean:245 -Mapping filter: 'hiddenHttpMethodFilter' to: [/*]
2018-12-20 09:38:38,424 INFO  FilterRegistrationBean:245 -Mapping filter: 'httpPutFormContentFilter' to: [/*]
2018-12-20 09:38:38,424 INFO  FilterRegistrationBean:245 -Mapping filter: 'requestContextFilter' to: [/*]
2018-12-20 09:38:38,899 INFO  SimpleUrlHandlerMapping:373 -Mapped URL path [/**/favicon.ico] onto handler of type [class org.springframework.web.servlet.resource.ResourceHttpRequestHandler]
2018-12-20 09:38:39,168 INFO  RequestMappingHandlerAdapter:574 -Looking for @ControllerAdvice: org.springframework.boot.web.servlet.context.AnnotationConfigServletWebServerApplicationContext@1dac5ef: startup date [Thu Dec 20 09:38:36 CST 2018]; root of context hierarchy
2018-12-20 09:38:39,280 INFO  RequestMappingHandlerMapping:547 -Mapped "{[/NBIoT/smartLock]}" onto public net.sf.json.JSONObject com.routon.plsy.GreetingController.NBIoTFaceInfoUpload(javax.servlet.http.HttpServletRequest)
2018-12-20 09:38:39,281 INFO  RequestMappingHandlerMapping:547 -Mapped "{[/NBIoT/callback]}" onto public java.lang.String com.routon.plsy.GreetingController.NBIoTCallback(javax.servlet.http.HttpServletRequest)
2018-12-20 09:38:39,282 INFO  RequestMappingHandlerMapping:547 -Mapped "{[/greeting]}" onto public com.routon.plsy.Greeting com.routon.plsy.GreetingController.greeting(java.lang.String)
2018-12-20 09:38:39,283 INFO  RequestMappingHandlerMapping:547 -Mapped "{[/nbiot/lock]}" onto public java.lang.String com.routon.plsy.NbCommandController.lock(java.lang.String,java.lang.String) throws java.lang.Exception
2018-12-20 09:38:39,283 INFO  RequestMappingHandlerMapping:547 -Mapped "{[/nbiot/synTime]}" onto public java.lang.String com.routon.plsy.NbCommandController.synTime(java.lang.String) throws java.lang.Exception
2018-12-20 09:38:39,284 INFO  RequestMappingHandlerMapping:547 -Mapped "{[/nbiot/sendWhiteNames]}" onto public java.lang.String com.routon.plsy.NbCommandController.sendWhiteNames(java.lang.String,int,java.lang.String,java.lang.String,java.lang.String,java.lang.String) throws java.lang.Exception
2018-12-20 09:38:39,284 INFO  RequestMappingHandlerMapping:547 -Mapped "{[/nbiot/clearRecord]}" onto public java.lang.String com.routon.plsy.NbCommandController.clearRecord(java.lang.String) throws java.lang.Exception
2018-12-20 09:38:39,284 INFO  RequestMappingHandlerMapping:547 -Mapped "{[/nbiot/login]}" onto public java.lang.String com.routon.plsy.NbCommandController.reqToken(java.lang.String,java.lang.String)
2018-12-20 09:38:39,285 INFO  RequestMappingHandlerMapping:547 -Mapped "{[/nbiot/openAndClose]}" onto public java.lang.String com.routon.plsy.NbCommandController.openAndClose(int,java.lang.String,java.lang.String,java.lang.String) throws java.lang.Exception
2018-12-20 09:38:39,285 INFO  RequestMappingHandlerMapping:547 -Mapped "{[/nbiot/delWhiteNames]}" onto public java.lang.String com.routon.plsy.NbCommandController.delWhiteNames(java.lang.String,java.lang.String,java.lang.String) throws java.lang.Exception
2018-12-20 09:38:39,289 INFO  RequestMappingHandlerMapping:547 -Mapped "{[/error]}" onto public org.springframework.http.ResponseEntity<java.util.Map<java.lang.String, java.lang.Object>> org.springframework.boot.autoconfigure.web.servlet.error.BasicErrorController.error(javax.servlet.http.HttpServletRequest)
2018-12-20 09:38:39,290 INFO  RequestMappingHandlerMapping:547 -Mapped "{[/error],produces=[text/html]}" onto public org.springframework.web.servlet.ModelAndView org.springframework.boot.autoconfigure.web.servlet.error.BasicErrorController.errorHtml(javax.servlet.http.HttpServletRequest,javax.servlet.http.HttpServletResponse)
2018-12-20 09:38:39,322 INFO  SimpleUrlHandlerMapping:373 -Mapped URL path [/webjars/**] onto handler of type [class org.springframework.web.servlet.resource.ResourceHttpRequestHandler]
2018-12-20 09:38:39,322 INFO  SimpleUrlHandlerMapping:373 -Mapped URL path [/**] onto handler of type [class org.springframework.web.servlet.resource.ResourceHttpRequestHandler]
2018-12-20 09:38:39,648 INFO  ServerEndpointExporter:153 -Registering @ServerEndpoint class: class com.routon.plsy.websocket.NBServerEndpoint
2018-12-20 09:38:39,666 INFO  AnnotationMBeanExporter:433 -Registering beans for JMX exposure on startup
2018-12-20 09:38:39,667 INFO  AnnotationMBeanExporter:895 -Bean with name 'dataSource' has been autodetected for JMX exposure
2018-12-20 09:38:39,673 INFO  AnnotationMBeanExporter:668 -Located MBean 'dataSource': registering with JMX server as MBean [com.zaxxer.hikari:name=dataSource,type=HikariDataSource]
2018-12-20 09:38:39,683 INFO  Http11NioProtocol:180 -Starting ProtocolHandler ["http-nio-8080"]
2018-12-20 09:38:39,694 INFO  NioSelectorPool:180 -Using a shared selector for servlet write/read
2018-12-20 09:38:39,720 INFO  TomcatWebServer:206 -Tomcat started on port(s): 8080 (http) with context path ''
2018-12-20 09:38:39,724 INFO  Application:59 -Started Application in 3.776 seconds (JVM running for 5.034)
2018-12-20 09:38:39,726 INFO  MessageSubsribeServlet:17 -开始订阅消息......
2018-12-20 09:38:58,143 INFO  [/]:180 -Initializing Spring FrameworkServlet 'dispatcherServlet'
2018-12-20 09:38:58,144 INFO  DispatcherServlet:494 -FrameworkServlet 'dispatcherServlet': initialization started
2018-12-20 09:38:58,181 INFO  DispatcherServlet:509 -FrameworkServlet 'dispatcherServlet': initialization completed in 37 ms
2018-12-20 09:39:43,133 INFO  Application:50 -Starting Application on DESKTOP-8DFBP3I with PID 104760 (C:\Users\wangxiwei\Desktop\nbcallbackSserver\target\classes started by wangxiwei in C:\Users\wangxiwei\Desktop\nbcallbackSserver)
2018-12-20 09:39:43,142 INFO  Application:659 -No active profile set, falling back to default profiles: default
2018-12-20 09:39:43,206 INFO  AnnotationConfigServletWebServerApplicationContext:590 -Refreshing org.springframework.boot.web.servlet.context.AnnotationConfigServletWebServerApplicationContext@5cdd09b1: startup date [Thu Dec 20 09:39:43 CST 2018]; root of context hierarchy
2018-12-20 09:39:44,967 INFO  TomcatWebServer:91 -Tomcat initialized with port(s): 8080 (http)
2018-12-20 09:39:44,985 INFO  Http11NioProtocol:180 -Initializing ProtocolHandler ["http-nio-8080"]
2018-12-20 09:39:45,002 INFO  StandardService:180 -Starting service [Tomcat]
2018-12-20 09:39:45,003 INFO  StandardEngine:180 -Starting Servlet Engine: Apache Tomcat/8.5.31
2018-12-20 09:39:45,017 INFO  AprLifecycleListener:180 -The APR based Apache Tomcat Native library which allows optimal performance in production environments was not found on the java.library.path: [D:\developSoftware\Java\jdk1.8.0_131\bin;C:\Windows\Sun\Java\bin;C:\Windows\system32;C:\Windows;C:\ProgramData\Oracle\Java\javapath;C:\Program Files (x86)\Intel\iCLS Client\;C:\Program Files\Intel\iCLS Client\;C:\Windows\system32;C:\Windows;C:\Windows\System32\Wbem;C:\Windows\System32\WindowsPowerShell\v1.0\;C:\Program Files (x86)\NVIDIA Corporation\PhysX\Common;C:\Program Files (x86)\Intel\Intel(R) Management Engine Components\DAL;C:\Program Files\Intel\Intel(R) Management Engine Components\DAL;C:\Program Files (x86)\Intel\Intel(R) Management Engine Components\IPT;C:\Program Files\Intel\Intel(R) Management Engine Components\IPT;D:\developSoftware\Java\jdk1.8.0_131\bin;D:\developSoftware\apache-maven-3.3.9-bin\apache-maven-3.3.9\bin;D:\developSoftware\RabbitMQ Server\rabbitmq_server-3.3.4\sbin;C:\Program Files\TortoiseSVN\bin;C:\Program Files\nodejs\;D:\mongo\mongodb-win32-x86_64-2008plus-ssl-3.4.6\bin;C:\Program Files\MySQL\MySQL Server 5.7\bin;C:\Program Files\PuTTY\;C:\strawberry\c\bin;C:\strawberry\perl\bin;D:\Git\cmd;D:\Redis-x64-3.2.100;C:\Users\wangxiwei\AppData\Local\Programs\Python\Python37;C:\Users\wangxiwei\AppData\Local\Microsoft\WindowsApps;C:\Users\wangxiwei\AppData\Local\GitHubDesktop\bin;C:\Users\wangxiwei\AppData\Roaming\npm;.]
2018-12-20 09:39:45,228 INFO  [/]:180 -Initializing Spring embedded WebApplicationContext
2018-12-20 09:39:45,228 INFO  ContextLoader:285 -Root WebApplicationContext: initialization completed in 2024 ms
2018-12-20 09:39:45,468 INFO  ServletRegistrationBean:186 -Servlet dispatcherServlet mapped to [/]
2018-12-20 09:39:45,474 INFO  FilterRegistrationBean:245 -Mapping filter: 'characterEncodingFilter' to: [/*]
2018-12-20 09:39:45,475 INFO  FilterRegistrationBean:245 -Mapping filter: 'hiddenHttpMethodFilter' to: [/*]
2018-12-20 09:39:45,475 INFO  FilterRegistrationBean:245 -Mapping filter: 'httpPutFormContentFilter' to: [/*]
2018-12-20 09:39:45,476 INFO  FilterRegistrationBean:245 -Mapping filter: 'requestContextFilter' to: [/*]
2018-12-20 09:39:46,049 INFO  SimpleUrlHandlerMapping:373 -Mapped URL path [/**/favicon.ico] onto handler of type [class org.springframework.web.servlet.resource.ResourceHttpRequestHandler]
2018-12-20 09:39:46,336 INFO  RequestMappingHandlerAdapter:574 -Looking for @ControllerAdvice: org.springframework.boot.web.servlet.context.AnnotationConfigServletWebServerApplicationContext@5cdd09b1: startup date [Thu Dec 20 09:39:43 CST 2018]; root of context hierarchy
2018-12-20 09:39:46,432 INFO  RequestMappingHandlerMapping:547 -Mapped "{[/NBIoT/smartLock]}" onto public net.sf.json.JSONObject com.routon.plsy.GreetingController.NBIoTFaceInfoUpload(javax.servlet.http.HttpServletRequest)
2018-12-20 09:39:46,433 INFO  RequestMappingHandlerMapping:547 -Mapped "{[/greeting]}" onto public com.routon.plsy.Greeting com.routon.plsy.GreetingController.greeting(java.lang.String)
2018-12-20 09:39:46,434 INFO  RequestMappingHandlerMapping:547 -Mapped "{[/NBIoT/callback]}" onto public java.lang.String com.routon.plsy.GreetingController.NBIoTCallback(javax.servlet.http.HttpServletRequest)
2018-12-20 09:39:46,434 INFO  RequestMappingHandlerMapping:547 -Mapped "{[/nbiot/lock]}" onto public java.lang.String com.routon.plsy.NbCommandController.lock(java.lang.String,java.lang.String) throws java.lang.Exception
2018-12-20 09:39:46,435 INFO  RequestMappingHandlerMapping:547 -Mapped "{[/nbiot/synTime]}" onto public java.lang.String com.routon.plsy.NbCommandController.synTime(java.lang.String) throws java.lang.Exception
2018-12-20 09:39:46,435 INFO  RequestMappingHandlerMapping:547 -Mapped "{[/nbiot/delWhiteNames]}" onto public java.lang.String com.routon.plsy.NbCommandController.delWhiteNames(java.lang.String,java.lang.String,java.lang.String) throws java.lang.Exception
2018-12-20 09:39:46,435 INFO  RequestMappingHandlerMapping:547 -Mapped "{[/nbiot/sendWhiteNames]}" onto public java.lang.String com.routon.plsy.NbCommandController.sendWhiteNames(java.lang.String,int,java.lang.String,java.lang.String,java.lang.String,java.lang.String) throws java.lang.Exception
2018-12-20 09:39:46,436 INFO  RequestMappingHandlerMapping:547 -Mapped "{[/nbiot/openAndClose]}" onto public java.lang.String com.routon.plsy.NbCommandController.openAndClose(int,java.lang.String,java.lang.String,java.lang.String) throws java.lang.Exception
2018-12-20 09:39:46,436 INFO  RequestMappingHandlerMapping:547 -Mapped "{[/nbiot/login]}" onto public java.lang.String com.routon.plsy.NbCommandController.reqToken(java.lang.String,java.lang.String)
2018-12-20 09:39:46,436 INFO  RequestMappingHandlerMapping:547 -Mapped "{[/nbiot/clearRecord]}" onto public java.lang.String com.routon.plsy.NbCommandController.clearRecord(java.lang.String) throws java.lang.Exception
2018-12-20 09:39:46,440 INFO  RequestMappingHandlerMapping:547 -Mapped "{[/error]}" onto public org.springframework.http.ResponseEntity<java.util.Map<java.lang.String, java.lang.Object>> org.springframework.boot.autoconfigure.web.servlet.error.BasicErrorController.error(javax.servlet.http.HttpServletRequest)
2018-12-20 09:39:46,441 INFO  RequestMappingHandlerMapping:547 -Mapped "{[/error],produces=[text/html]}" onto public org.springframework.web.servlet.ModelAndView org.springframework.boot.autoconfigure.web.servlet.error.BasicErrorController.errorHtml(javax.servlet.http.HttpServletRequest,javax.servlet.http.HttpServletResponse)
2018-12-20 09:39:46,473 INFO  SimpleUrlHandlerMapping:373 -Mapped URL path [/webjars/**] onto handler of type [class org.springframework.web.servlet.resource.ResourceHttpRequestHandler]
2018-12-20 09:39:46,473 INFO  SimpleUrlHandlerMapping:373 -Mapped URL path [/**] onto handler of type [class org.springframework.web.servlet.resource.ResourceHttpRequestHandler]
2018-12-20 09:39:46,836 INFO  ServerEndpointExporter:153 -Registering @ServerEndpoint class: class com.routon.plsy.websocket.NBServerEndpoint
2018-12-20 09:39:46,854 INFO  AnnotationMBeanExporter:433 -Registering beans for JMX exposure on startup
2018-12-20 09:39:46,855 INFO  AnnotationMBeanExporter:895 -Bean with name 'dataSource' has been autodetected for JMX exposure
2018-12-20 09:39:46,861 INFO  AnnotationMBeanExporter:668 -Located MBean 'dataSource': registering with JMX server as MBean [com.zaxxer.hikari:name=dataSource,type=HikariDataSource]
2018-12-20 09:39:46,872 INFO  Http11NioProtocol:180 -Starting ProtocolHandler ["http-nio-8080"]
2018-12-20 09:39:46,883 ERROR StandardService:182 -Failed to start connector [Connector[HTTP/1.1-8080]]
org.apache.catalina.LifecycleException: Failed to start component [Connector[HTTP/1.1-8080]]
	at org.apache.catalina.util.LifecycleBase.start(LifecycleBase.java:167) ~[tomcat-embed-core-8.5.31.jar:8.5.31]
	at org.apache.catalina.core.StandardService.addConnector(StandardService.java:225) [tomcat-embed-core-8.5.31.jar:8.5.31]
	at org.springframework.boot.web.embedded.tomcat.TomcatWebServer.addPreviouslyRemovedConnectors(TomcatWebServer.java:256) [spring-boot-2.0.3.RELEASE.jar:2.0.3.RELEASE]
	at org.springframework.boot.web.embedded.tomcat.TomcatWebServer.start(TomcatWebServer.java:198) [spring-boot-2.0.3.RELEASE.jar:2.0.3.RELEASE]
	at org.springframework.boot.web.servlet.context.ServletWebServerApplicationContext.startWebServer(ServletWebServerApplicationContext.java:300) [spring-boot-2.0.3.RELEASE.jar:2.0.3.RELEASE]
	at org.springframework.boot.web.servlet.context.ServletWebServerApplicationContext.finishRefresh(ServletWebServerApplicationContext.java:162) [spring-boot-2.0.3.RELEASE.jar:2.0.3.RELEASE]
	at org.springframework.context.support.AbstractApplicationContext.refresh(AbstractApplicationContext.java:553) [spring-context-5.0.7.RELEASE.jar:5.0.7.RELEASE]
	at org.springframework.boot.web.servlet.context.ServletWebServerApplicationContext.refresh(ServletWebServerApplicationContext.java:140) [spring-boot-2.0.3.RELEASE.jar:2.0.3.RELEASE]
	at org.springframework.boot.SpringApplication.refresh(SpringApplication.java:759) [spring-boot-2.0.3.RELEASE.jar:2.0.3.RELEASE]
	at org.springframework.boot.SpringApplication.refreshContext(SpringApplication.java:395) [spring-boot-2.0.3.RELEASE.jar:2.0.3.RELEASE]
	at org.springframework.boot.SpringApplication.run(SpringApplication.java:327) [spring-boot-2.0.3.RELEASE.jar:2.0.3.RELEASE]
	at org.springframework.boot.SpringApplication.run(SpringApplication.java:1255) [spring-boot-2.0.3.RELEASE.jar:2.0.3.RELEASE]
	at org.springframework.boot.SpringApplication.run(SpringApplication.java:1243) [spring-boot-2.0.3.RELEASE.jar:2.0.3.RELEASE]
	at com.routon.plsy.Application.main(Application.java:15) [classes/:?]
Caused by: org.apache.catalina.LifecycleException: Protocol handler start failed
	at org.apache.catalina.connector.Connector.startInternal(Connector.java:1020) ~[tomcat-embed-core-8.5.31.jar:8.5.31]
	at org.apache.catalina.util.LifecycleBase.start(LifecycleBase.java:150) ~[tomcat-embed-core-8.5.31.jar:8.5.31]
	... 13 more
Caused by: java.net.BindException: Address already in use: bind
	at sun.nio.ch.Net.bind0(Native Method) ~[?:1.8.0_131]
	at sun.nio.ch.Net.bind(Net.java:433) ~[?:1.8.0_131]
	at sun.nio.ch.Net.bind(Net.java:425) ~[?:1.8.0_131]
	at sun.nio.ch.ServerSocketChannelImpl.bind(ServerSocketChannelImpl.java:223) ~[?:1.8.0_131]
	at sun.nio.ch.ServerSocketAdaptor.bind(ServerSocketAdaptor.java:74) ~[?:1.8.0_131]
	at org.apache.tomcat.util.net.NioEndpoint.bind(NioEndpoint.java:210) ~[tomcat-embed-core-8.5.31.jar:8.5.31]
	at org.apache.tomcat.util.net.AbstractEndpoint.start(AbstractEndpoint.java:1150) ~[tomcat-embed-core-8.5.31.jar:8.5.31]
	at org.apache.coyote.AbstractProtocol.start(AbstractProtocol.java:591) ~[tomcat-embed-core-8.5.31.jar:8.5.31]
	at org.apache.catalina.connector.Connector.startInternal(Connector.java:1018) ~[tomcat-embed-core-8.5.31.jar:8.5.31]
	at org.apache.catalina.util.LifecycleBase.start(LifecycleBase.java:150) ~[tomcat-embed-core-8.5.31.jar:8.5.31]
	... 13 more
2018-12-20 09:39:46,898 INFO  Http11NioProtocol:180 -Pausing ProtocolHandler ["http-nio-8080"]
2018-12-20 09:39:46,898 INFO  StandardService:180 -Stopping service [Tomcat]
2018-12-20 09:39:46,909 INFO  LifecycleBase:180 -The stop() method was called on component [StandardServer[-1]] after stop() had already been called. The second call will be ignored.
2018-12-20 09:39:46,910 INFO  Http11NioProtocol:180 -Stopping ProtocolHandler ["http-nio-8080"]
2018-12-20 09:39:46,910 INFO  Http11NioProtocol:180 -Destroying ProtocolHandler ["http-nio-8080"]
2018-12-20 09:39:46,914 INFO  ConditionEvaluationReportLoggingListener:101 -

Error starting ApplicationContext. To display the conditions report re-run your application with 'debug' enabled.
2018-12-20 09:39:46,920 ERROR LoggingFailureAnalysisReporter:42 -

***************************
APPLICATION FAILED TO START
***************************

Description:

The Tomcat connector configured to listen on port 8080 failed to start. The port may already be in use or the connector may be misconfigured.

Action:

Verify the connector's configuration, identify and stop any process that's listening on port 8080, or configure this application to listen on another port.

2018-12-20 09:39:46,923 INFO  AnnotationConfigServletWebServerApplicationContext:993 -Closing org.springframework.boot.web.servlet.context.AnnotationConfigServletWebServerApplicationContext@5cdd09b1: startup date [Thu Dec 20 09:39:43 CST 2018]; root of context hierarchy
2018-12-20 09:39:46,925 INFO  AnnotationMBeanExporter:451 -Unregistering JMX-exposed beans on shutdown
2018-12-20 09:39:46,926 INFO  AnnotationMBeanExporter:183 -Unregistering JMX-exposed beans
2018-12-20 09:40:02,340 INFO  Application:50 -Starting Application on DESKTOP-8DFBP3I with PID 79576 (C:\Users\wangxiwei\Desktop\nbcallbackSserver\target\classes started by wangxiwei in C:\Users\wangxiwei\Desktop\nbcallbackSserver)
2018-12-20 09:40:02,348 INFO  Application:659 -No active profile set, falling back to default profiles: default
2018-12-20 09:40:02,413 INFO  AnnotationConfigServletWebServerApplicationContext:590 -Refreshing org.springframework.boot.web.servlet.context.AnnotationConfigServletWebServerApplicationContext@56e8b606: startup date [Thu Dec 20 09:40:02 CST 2018]; root of context hierarchy
2018-12-20 09:40:04,180 INFO  TomcatWebServer:91 -Tomcat initialized with port(s): 8080 (http)
2018-12-20 09:40:04,196 INFO  Http11NioProtocol:180 -Initializing ProtocolHandler ["http-nio-8080"]
2018-12-20 09:40:04,209 INFO  StandardService:180 -Starting service [Tomcat]
2018-12-20 09:40:04,209 INFO  StandardEngine:180 -Starting Servlet Engine: Apache Tomcat/8.5.31
2018-12-20 09:40:04,221 INFO  AprLifecycleListener:180 -The APR based Apache Tomcat Native library which allows optimal performance in production environments was not found on the java.library.path: [D:\developSoftware\Java\jdk1.8.0_131\bin;C:\Windows\Sun\Java\bin;C:\Windows\system32;C:\Windows;C:\ProgramData\Oracle\Java\javapath;C:\Program Files (x86)\Intel\iCLS Client\;C:\Program Files\Intel\iCLS Client\;C:\Windows\system32;C:\Windows;C:\Windows\System32\Wbem;C:\Windows\System32\WindowsPowerShell\v1.0\;C:\Program Files (x86)\NVIDIA Corporation\PhysX\Common;C:\Program Files (x86)\Intel\Intel(R) Management Engine Components\DAL;C:\Program Files\Intel\Intel(R) Management Engine Components\DAL;C:\Program Files (x86)\Intel\Intel(R) Management Engine Components\IPT;C:\Program Files\Intel\Intel(R) Management Engine Components\IPT;D:\developSoftware\Java\jdk1.8.0_131\bin;D:\developSoftware\apache-maven-3.3.9-bin\apache-maven-3.3.9\bin;D:\developSoftware\RabbitMQ Server\rabbitmq_server-3.3.4\sbin;C:\Program Files\TortoiseSVN\bin;C:\Program Files\nodejs\;D:\mongo\mongodb-win32-x86_64-2008plus-ssl-3.4.6\bin;C:\Program Files\MySQL\MySQL Server 5.7\bin;C:\Program Files\PuTTY\;C:\strawberry\c\bin;C:\strawberry\perl\bin;D:\Git\cmd;D:\Redis-x64-3.2.100;C:\Users\wangxiwei\AppData\Local\Programs\Python\Python37;C:\Users\wangxiwei\AppData\Local\Microsoft\WindowsApps;C:\Users\wangxiwei\AppData\Local\GitHubDesktop\bin;C:\Users\wangxiwei\AppData\Roaming\npm;.]
2018-12-20 09:40:04,438 INFO  [/]:180 -Initializing Spring embedded WebApplicationContext
2018-12-20 09:40:04,438 INFO  ContextLoader:285 -Root WebApplicationContext: initialization completed in 2027 ms
2018-12-20 09:40:04,694 INFO  ServletRegistrationBean:186 -Servlet dispatcherServlet mapped to [/]
2018-12-20 09:40:04,701 INFO  FilterRegistrationBean:245 -Mapping filter: 'characterEncodingFilter' to: [/*]
2018-12-20 09:40:04,702 INFO  FilterRegistrationBean:245 -Mapping filter: 'hiddenHttpMethodFilter' to: [/*]
2018-12-20 09:40:04,702 INFO  FilterRegistrationBean:245 -Mapping filter: 'httpPutFormContentFilter' to: [/*]
2018-12-20 09:40:04,702 INFO  FilterRegistrationBean:245 -Mapping filter: 'requestContextFilter' to: [/*]
2018-12-20 09:40:05,200 INFO  SimpleUrlHandlerMapping:373 -Mapped URL path [/**/favicon.ico] onto handler of type [class org.springframework.web.servlet.resource.ResourceHttpRequestHandler]
2018-12-20 09:40:05,491 INFO  RequestMappingHandlerAdapter:574 -Looking for @ControllerAdvice: org.springframework.boot.web.servlet.context.AnnotationConfigServletWebServerApplicationContext@56e8b606: startup date [Thu Dec 20 09:40:02 CST 2018]; root of context hierarchy
2018-12-20 09:40:05,595 INFO  RequestMappingHandlerMapping:547 -Mapped "{[/greeting]}" onto public com.routon.plsy.Greeting com.routon.plsy.GreetingController.greeting(java.lang.String)
2018-12-20 09:40:05,597 INFO  RequestMappingHandlerMapping:547 -Mapped "{[/NBIoT/callback]}" onto public java.lang.String com.routon.plsy.GreetingController.NBIoTCallback(javax.servlet.http.HttpServletRequest)
2018-12-20 09:40:05,598 INFO  RequestMappingHandlerMapping:547 -Mapped "{[/NBIoT/smartLock]}" onto public net.sf.json.JSONObject com.routon.plsy.GreetingController.NBIoTFaceInfoUpload(javax.servlet.http.HttpServletRequest)
2018-12-20 09:40:05,599 INFO  RequestMappingHandlerMapping:547 -Mapped "{[/nbiot/lock]}" onto public java.lang.String com.routon.plsy.NbCommandController.lock(java.lang.String,java.lang.String) throws java.lang.Exception
2018-12-20 09:40:05,600 INFO  RequestMappingHandlerMapping:547 -Mapped "{[/nbiot/synTime]}" onto public java.lang.String com.routon.plsy.NbCommandController.synTime(java.lang.String) throws java.lang.Exception
2018-12-20 09:40:05,600 INFO  RequestMappingHandlerMapping:547 -Mapped "{[/nbiot/login]}" onto public java.lang.String com.routon.plsy.NbCommandController.reqToken(java.lang.String,java.lang.String)
2018-12-20 09:40:05,600 INFO  RequestMappingHandlerMapping:547 -Mapped "{[/nbiot/openAndClose]}" onto public java.lang.String com.routon.plsy.NbCommandController.openAndClose(int,java.lang.String,java.lang.String,java.lang.String) throws java.lang.Exception
2018-12-20 09:40:05,601 INFO  RequestMappingHandlerMapping:547 -Mapped "{[/nbiot/sendWhiteNames]}" onto public java.lang.String com.routon.plsy.NbCommandController.sendWhiteNames(java.lang.String,int,java.lang.String,java.lang.String,java.lang.String,java.lang.String) throws java.lang.Exception
2018-12-20 09:40:05,601 INFO  RequestMappingHandlerMapping:547 -Mapped "{[/nbiot/clearRecord]}" onto public java.lang.String com.routon.plsy.NbCommandController.clearRecord(java.lang.String) throws java.lang.Exception
2018-12-20 09:40:05,602 INFO  RequestMappingHandlerMapping:547 -Mapped "{[/nbiot/delWhiteNames]}" onto public java.lang.String com.routon.plsy.NbCommandController.delWhiteNames(java.lang.String,java.lang.String,java.lang.String) throws java.lang.Exception
2018-12-20 09:40:05,606 INFO  RequestMappingHandlerMapping:547 -Mapped "{[/error]}" onto public org.springframework.http.ResponseEntity<java.util.Map<java.lang.String, java.lang.Object>> org.springframework.boot.autoconfigure.web.servlet.error.BasicErrorController.error(javax.servlet.http.HttpServletRequest)
2018-12-20 09:40:05,607 INFO  RequestMappingHandlerMapping:547 -Mapped "{[/error],produces=[text/html]}" onto public org.springframework.web.servlet.ModelAndView org.springframework.boot.autoconfigure.web.servlet.error.BasicErrorController.errorHtml(javax.servlet.http.HttpServletRequest,javax.servlet.http.HttpServletResponse)
2018-12-20 09:40:05,641 INFO  SimpleUrlHandlerMapping:373 -Mapped URL path [/webjars/**] onto handler of type [class org.springframework.web.servlet.resource.ResourceHttpRequestHandler]
2018-12-20 09:40:05,641 INFO  SimpleUrlHandlerMapping:373 -Mapped URL path [/**] onto handler of type [class org.springframework.web.servlet.resource.ResourceHttpRequestHandler]
2018-12-20 09:40:05,976 INFO  ServerEndpointExporter:153 -Registering @ServerEndpoint class: class com.routon.plsy.websocket.NBServerEndpoint
2018-12-20 09:40:05,993 INFO  AnnotationMBeanExporter:433 -Registering beans for JMX exposure on startup
2018-12-20 09:40:05,995 INFO  AnnotationMBeanExporter:895 -Bean with name 'dataSource' has been autodetected for JMX exposure
2018-12-20 09:40:06,002 INFO  AnnotationMBeanExporter:668 -Located MBean 'dataSource': registering with JMX server as MBean [com.zaxxer.hikari:name=dataSource,type=HikariDataSource]
2018-12-20 09:40:06,015 INFO  Http11NioProtocol:180 -Starting ProtocolHandler ["http-nio-8080"]
2018-12-20 09:40:06,034 INFO  NioSelectorPool:180 -Using a shared selector for servlet write/read
2018-12-20 09:40:06,064 INFO  TomcatWebServer:206 -Tomcat started on port(s): 8080 (http) with context path ''
2018-12-20 09:40:06,068 INFO  Application:59 -Started Application in 4.141 seconds (JVM running for 5.453)
2018-12-20 09:40:06,070 INFO  MessageSubsribeServlet:17 -开始订阅消息......
2018-12-20 09:40:17,113 INFO  [/]:180 -Initializing Spring FrameworkServlet 'dispatcherServlet'
2018-12-20 09:40:17,114 INFO  DispatcherServlet:494 -FrameworkServlet 'dispatcherServlet': initialization started
2018-12-20 09:40:17,145 INFO  DispatcherServlet:509 -FrameworkServlet 'dispatcherServlet': initialization completed in 31 ms
