2018-11-08 14:17:14,088  INFO Version:21 - HV000001: Hibernate Validator 6.0.10.Final
2018-11-08 14:17:14,277  INFO Application:50 - Starting Application on DESKTOP-8DFBP3I with PID 9116 (C:\Users\wangxiwei\Desktop\nbcallbackSserver\target\classes started by wangxiwei in C:\Users\wangxiwei\Desktop\nbcallbackSserver)
2018-11-08 14:17:14,278  INFO Application:659 - No active profile set, falling back to default profiles: default
2018-11-08 14:17:14,380  INFO AnnotationConfigServletWebServerApplicationContext:590 - Refreshing org.springframework.boot.web.servlet.context.AnnotationConfigServletWebServerApplicationContext@b3d7190: startup date [Thu Nov 08 14:17:14 CST 2018]; root of context hierarchy
2018-11-08 14:17:15,864  INFO TomcatWebServer:91 - Tomcat initialized with port(s): 8080 (http)
2018-11-08 14:17:16,073  INFO ContextLoader:285 - Root WebApplicationContext: initialization completed in 1696 ms
2018-11-08 14:17:16,275  INFO ServletRegistrationBean:186 - Servlet dispatcherServlet mapped to [/]
2018-11-08 14:17:16,282  INFO FilterRegistrationBean:245 - Mapping filter: 'characterEncodingFilter' to: [/*]
2018-11-08 14:17:16,283  INFO FilterRegistrationBean:245 - Mapping filter: 'hiddenHttpMethodFilter' to: [/*]
2018-11-08 14:17:16,283  INFO FilterRegistrationBean:245 - Mapping filter: 'httpPutFormContentFilter' to: [/*]
2018-11-08 14:17:16,283  INFO FilterRegistrationBean:245 - Mapping filter: 'requestContextFilter' to: [/*]
2018-11-08 14:17:16,745  INFO SimpleUrlHandlerMapping:373 - Mapped URL path [/**/favicon.ico] onto handler of type [class org.springframework.web.servlet.resource.ResourceHttpRequestHandler]
2018-11-08 14:17:17,093  INFO RequestMappingHandlerAdapter:574 - Looking for @ControllerAdvice: org.springframework.boot.web.servlet.context.AnnotationConfigServletWebServerApplicationContext@b3d7190: startup date [Thu Nov 08 14:17:14 CST 2018]; root of context hierarchy
2018-11-08 14:17:17,188  INFO RequestMappingHandlerMapping:547 - Mapped "{[/greeting]}" onto public com.routon.plsy.Greeting com.routon.plsy.GreetingController.greeting(java.lang.String)
2018-11-08 14:17:17,190  INFO RequestMappingHandlerMapping:547 - Mapped "{[/NBIoT/callback]}" onto public java.lang.String com.routon.plsy.GreetingController.NBIoTCallback(javax.servlet.http.HttpServletRequest)
2018-11-08 14:17:17,190  INFO RequestMappingHandlerMapping:547 - Mapped "{[/NBIoT/smartLock]}" onto public net.sf.json.JSONObject com.routon.plsy.GreetingController.NBIoTFaceInfoUpload(javax.servlet.http.HttpServletRequest)
2018-11-08 14:17:17,192  INFO RequestMappingHandlerMapping:547 - Mapped "{[/nbiot/lock]}" onto public java.lang.String com.routon.plsy.NbCommandController.lock(java.lang.String,java.lang.String) throws java.lang.Exception
2018-11-08 14:17:17,192  INFO RequestMappingHandlerMapping:547 - Mapped "{[/nbiot/delWhiteNames]}" onto public java.lang.String com.routon.plsy.NbCommandController.delWhiteNames(java.lang.String,java.lang.String,java.lang.String) throws java.lang.Exception
2018-11-08 14:17:17,193  INFO RequestMappingHandlerMapping:547 - Mapped "{[/nbiot/sendWhiteNames]}" onto public java.lang.String com.routon.plsy.NbCommandController.sendWhiteNames(java.lang.String,int,java.lang.String,java.lang.String) throws java.lang.Exception
2018-11-08 14:17:17,193  INFO RequestMappingHandlerMapping:547 - Mapped "{[/nbiot/openAndClose]}" onto public java.lang.String com.routon.plsy.NbCommandController.openAndClose(int,java.lang.String,java.lang.String,java.lang.String) throws java.lang.Exception
2018-11-08 14:17:17,194  INFO RequestMappingHandlerMapping:547 - Mapped "{[/nbiot/clearRecord]}" onto public java.lang.String com.routon.plsy.NbCommandController.clearRecord(java.lang.String) throws java.lang.Exception
2018-11-08 14:17:17,194  INFO RequestMappingHandlerMapping:547 - Mapped "{[/nbiot/synTime]}" onto public java.lang.String com.routon.plsy.NbCommandController.synTime(java.lang.String) throws java.lang.Exception
2018-11-08 14:17:17,198  INFO RequestMappingHandlerMapping:547 - Mapped "{[/error]}" onto public org.springframework.http.ResponseEntity<java.util.Map<java.lang.String, java.lang.Object>> org.springframework.boot.autoconfigure.web.servlet.error.BasicErrorController.error(javax.servlet.http.HttpServletRequest)
2018-11-08 14:17:17,199  INFO RequestMappingHandlerMapping:547 - Mapped "{[/error],produces=[text/html]}" onto public org.springframework.web.servlet.ModelAndView org.springframework.boot.autoconfigure.web.servlet.error.BasicErrorController.errorHtml(javax.servlet.http.HttpServletRequest,javax.servlet.http.HttpServletResponse)
2018-11-08 14:17:17,286  INFO SimpleUrlHandlerMapping:373 - Mapped URL path [/webjars/**] onto handler of type [class org.springframework.web.servlet.resource.ResourceHttpRequestHandler]
2018-11-08 14:17:17,287  INFO SimpleUrlHandlerMapping:373 - Mapped URL path [/**] onto handler of type [class org.springframework.web.servlet.resource.ResourceHttpRequestHandler]
2018-11-08 14:17:17,573  INFO ServerEndpointExporter:153 - Registering @ServerEndpoint class: class com.routon.plsy.websocket.NBServerEndpoint
2018-11-08 14:17:17,588  INFO AnnotationMBeanExporter:433 - Registering beans for JMX exposure on startup
2018-11-08 14:17:17,589  INFO AnnotationMBeanExporter:895 - Bean with name 'dataSource' has been autodetected for JMX exposure
2018-11-08 14:17:17,594  INFO AnnotationMBeanExporter:668 - Located MBean 'dataSource': registering with JMX server as MBean [com.zaxxer.hikari:name=dataSource,type=HikariDataSource]
2018-11-08 14:17:17,640  INFO TomcatWebServer:206 - Tomcat started on port(s): 8080 (http) with context path ''
2018-11-08 14:17:17,643  INFO Application:59 - Started Application in 3.739 seconds (JVM running for 4.644)
2018-11-08 14:17:17,644  INFO MessageSubsribeServlet:16 - 开始订阅消息......
